============================= test session starts ==============================
platform darwin -- Python 3.14.6, pytest-9.1.1, pluggy-1.6.0
rootdir: /Users/ia03060_mac/workspace/qulip/obsidian-sync-go-cli-worktree
configfile: pyproject.toml
plugins: anyio-4.14.0, asyncio-1.4.0
asyncio: mode=Mode.AUTO, debug=False, asyncio_default_fixture_loop_scope=None, asyncio_default_test_loop_scope=function
collected 47 items

tests/sync_agent/test_config.py .....                                    [ 10%]
tests/sync_agent/test_conflict.py ...                                    [ 17%]
tests/sync_agent/test_contract.py ..........                             [ 38%]
tests/sync_agent/test_ignore.py ...........                              [ 61%]
tests/sync_agent/test_manifest.py ...                                    [ 68%]
tests/sync_agent/test_scanner.py ..                                      [ 72%]
tests/test_sync_rules.py .............                                   [100%]

============================== 47 passed in 0.22s ==============================
